<?xml version="1.0" encoding="UTF-8"?>
<coverage generated="1732417411804" clover="3.2.0">
  <project timestamp="1732417411804" name="All files">
    <metrics statements="71" coveredstatements="45" conditionals="29" coveredconditionals="20" methods="18" coveredmethods="11" elements="118" coveredelements="76" complexity="0" loc="71" ncloc="71" packages="5" files="7" classes="7"/>
    <package name="components">
      <metrics statements="6" coveredstatements="6" conditionals="0" coveredconditionals="0" methods="2" coveredmethods="2"/>
      <file name="Footer.tsx" path="Z:\Downloads\WEB-FE-REACT-PRJ3-FrontEnd\src\components\Footer.tsx">
        <metrics statements="2" coveredstatements="2" conditionals="0" coveredconditionals="0" methods="1" coveredmethods="1"/>
        <line num="1" count="1" type="stmt"/>
        <line num="2" count="17" type="stmt"/>
      </file>
      <file name="Header.tsx" path="Z:\Downloads\WEB-FE-REACT-PRJ3-FrontEnd\src\components\Header.tsx">
        <metrics statements="4" coveredstatements="4" conditionals="0" coveredconditionals="0" methods="1" coveredmethods="1"/>
        <line num="1" count="1" type="stmt"/>
        <line num="3" count="1" type="stmt"/>
        <line num="4" count="17" type="stmt"/>
        <line num="27" count="1" type="stmt"/>
      </file>
    </package>
    <package name="hooks">
      <metrics statements="5" coveredstatements="3" conditionals="0" coveredconditionals="0" methods="2" coveredmethods="0"/>
      <file name="useGetClients.ts" path="Z:\Downloads\WEB-FE-REACT-PRJ3-FrontEnd\src\hooks\useGetClients.ts">
        <metrics statements="5" coveredstatements="3" conditionals="0" coveredconditionals="0" methods="2" coveredmethods="0"/>
        <line num="1" count="1" type="stmt"/>
        <line num="2" count="1" type="stmt"/>
        <line num="4" count="1" type="stmt"/>
        <line num="5" count="0" type="stmt"/>
        <line num="7" count="0" type="stmt"/>
      </file>
    </package>
    <package name="layout">
      <metrics statements="4" coveredstatements="4" conditionals="0" coveredconditionals="0" methods="1" coveredmethods="1"/>
      <file name="Main.tsx" path="Z:\Downloads\WEB-FE-REACT-PRJ3-FrontEnd\src\layout\Main.tsx">
        <metrics statements="4" coveredstatements="4" conditionals="0" coveredconditionals="0" methods="1" coveredmethods="1"/>
        <line num="1" count="1" type="stmt"/>
        <line num="2" count="1" type="stmt"/>
        <line num="4" count="1" type="stmt"/>
        <line num="5" count="17" type="stmt"/>
      </file>
    </package>
    <package name="pages">
      <metrics statements="25" coveredstatements="25" conditionals="19" coveredconditionals="18" methods="8" coveredmethods="8"/>
      <file name="Home.tsx" path="Z:\Downloads\WEB-FE-REACT-PRJ3-FrontEnd\src\pages\Home.tsx">
        <metrics statements="25" coveredstatements="25" conditionals="19" coveredconditionals="18" methods="8" coveredmethods="8"/>
        <line num="1" count="1" type="stmt"/>
        <line num="2" count="1" type="stmt"/>
        <line num="3" count="1" type="stmt"/>
        <line num="4" count="1" type="stmt"/>
        <line num="5" count="1" type="stmt"/>
        <line num="26" count="17" type="stmt"/>
        <line num="27" count="17" type="stmt"/>
        <line num="28" count="17" type="stmt"/>
        <line num="29" count="1" type="stmt"/>
        <line num="30" count="1" type="stmt"/>
        <line num="31" count="2" type="cond" truecount="2" falsecount="0"/>
        <line num="35" count="17" type="stmt"/>
        <line num="48" count="19" type="stmt"/>
        <line num="50" count="19" type="stmt"/>
        <line num="92" count="1" type="stmt"/>
        <line num="102" count="17" type="stmt"/>
        <line num="104" count="8" type="cond" truecount="2" falsecount="0"/>
        <line num="105" count="7" type="stmt"/>
        <line num="106" count="7" type="stmt"/>
        <line num="109" count="1" type="stmt"/>
        <line num="110" count="1" type="cond" truecount="1" falsecount="0"/>
        <line num="111" count="1" type="stmt"/>
        <line num="116" count="17" type="stmt"/>
        <line num="130" count="19" type="cond" truecount="2" falsecount="0"/>
        <line num="139" count="1" type="stmt"/>
      </file>
    </package>
    <package name="services">
      <metrics statements="31" coveredstatements="7" conditionals="10" coveredconditionals="2" methods="5" coveredmethods="0"/>
      <file name="api.ts" path="Z:\Downloads\WEB-FE-REACT-PRJ3-FrontEnd\src\services\api.ts">
        <metrics statements="10" coveredstatements="2" conditionals="10" coveredconditionals="2" methods="1" coveredmethods="0"/>
        <line num="1" count="1" type="cond" truecount="2" falsecount="0"/>
        <line num="3" count="1" type="cond" truecount="0" falsecount="1"/>
        <line num="4" count="0" type="stmt"/>
        <line num="6" count="0" type="stmt"/>
        <line num="15" count="0" type="stmt"/>
        <line num="16" count="0" type="stmt"/>
        <line num="18" count="0" type="stmt"/>
        <line num="21" count="0" type="cond" truecount="0" falsecount="1"/>
        <line num="22" count="0" type="stmt"/>
        <line num="29" count="0" type="stmt"/>
      </file>
      <file name="clientServices.ts" path="Z:\Downloads\WEB-FE-REACT-PRJ3-FrontEnd\src\services\clientServices.ts">
        <metrics statements="21" coveredstatements="5" conditionals="0" coveredconditionals="0" methods="4" coveredmethods="0"/>
        <line num="2" count="1" type="stmt"/>
        <line num="4" count="1" type="stmt"/>
        <line num="5" count="0" type="stmt"/>
        <line num="6" count="0" type="stmt"/>
        <line num="11" count="0" type="stmt"/>
        <line num="13" count="0" type="stmt"/>
        <line num="14" count="0" type="stmt"/>
        <line num="18" count="1" type="stmt"/>
        <line num="19" count="0" type="stmt"/>
        <line num="22" count="1" type="stmt"/>
        <line num="23" count="0" type="stmt"/>
        <line num="24" count="0" type="stmt"/>
        <line num="27" count="0" type="stmt"/>
        <line num="29" count="0" type="stmt"/>
        <line num="30" count="0" type="stmt"/>
        <line num="35" count="1" type="stmt"/>
        <line num="36" count="0" type="stmt"/>
        <line num="37" count="0" type="stmt"/>
        <line num="41" count="0" type="stmt"/>
        <line num="43" count="0" type="stmt"/>
        <line num="44" count="0" type="stmt"/>
      </file>
    </package>
  </project>
</coverage>
