{"Z:\\Downloads\\WEB-FE-REACT-PRJ3-FrontEnd\\src\\components\\Footer.tsx": {"path":"Z:\\Downloads\\WEB-FE-REACT-PRJ3-FrontEnd\\src\\components\\Footer.tsx","statementMap":{"0":{"start":{"line":1,"column":0},"end":{"line":1,"column":16}},"1":{"start":{"line":2,"column":2},"end":{"line":8,"column":4}}},"fnMap":{"0":{"name":"Footer","decl":{"start":{"line":1,"column":16},"end":{"line":1,"column":22}},"loc":{"start":{"line":1,"column":22},"end":{"line":9,"column":1}}}},"branchMap":{},"s":{"0":1,"1":17},"f":{"0":17},"b":{}}
,"Z:\\Downloads\\WEB-FE-REACT-PRJ3-FrontEnd\\src\\components\\Header.tsx": {"path":"Z:\\Downloads\\WEB-FE-REACT-PRJ3-FrontEnd\\src\\components\\Header.tsx","statementMap":{"0":{"start":{"line":1,"column":0},"end":{"line":1,"column":40}},"1":{"start":{"line":3,"column":15},"end":{"line":25,"column":1}},"2":{"start":{"line":4,"column":2},"end":{"line":24,"column":4}},"3":{"start":{"line":27,"column":0},"end":{"line":27,"column":22}}},"fnMap":{"0":{"name":"(anonymous_0)","decl":{"start":{"line":3,"column":15},"end":{"line":3,"column":18}},"loc":{"start":{"line":3,"column":20},"end":{"line":25,"column":1}}}},"branchMap":{},"s":{"0":1,"1":1,"2":17,"3":1},"f":{"0":17},"b":{}}
,"Z:\\Downloads\\WEB-FE-REACT-PRJ3-FrontEnd\\src\\hooks\\useGetClients.ts": {"path":"Z:\\Downloads\\WEB-FE-REACT-PRJ3-FrontEnd\\src\\hooks\\useGetClients.ts","statementMap":{"0":{"start":{"line":1,"column":0},"end":{"line":1,"column":49}},"1":{"start":{"line":2,"column":0},"end":{"line":2,"column":56}},"2":{"start":{"line":4,"column":29},"end":{"line":9,"column":1}},"3":{"start":{"line":5,"column":2},"end":{"line":8,"column":5}},"4":{"start":{"line":7,"column":19},"end":{"line":7,"column":31}},"5":{"start":{"line":4,"column":13},"end":{"line":4,"column":29}}},"fnMap":{"0":{"name":"(anonymous_0)","decl":{"start":{"line":4,"column":29},"end":{"line":4,"column":32}},"loc":{"start":{"line":4,"column":34},"end":{"line":9,"column":1}}},"1":{"name":"(anonymous_1)","decl":{"start":{"line":7,"column":13},"end":{"line":7,"column":16}},"loc":{"start":{"line":7,"column":19},"end":{"line":7,"column":31}}}},"branchMap":{},"s":{"0":1,"1":1,"2":1,"3":0,"4":0,"5":1},"f":{"0":0,"1":0},"b":{}}
,"Z:\\Downloads\\WEB-FE-REACT-PRJ3-FrontEnd\\src\\layout\\Main.tsx": {"path":"Z:\\Downloads\\WEB-FE-REACT-PRJ3-FrontEnd\\src\\layout\\Main.tsx","statementMap":{"0":{"start":{"line":1,"column":0},"end":{"line":1,"column":46}},"1":{"start":{"line":2,"column":0},"end":{"line":2,"column":42}},"2":{"start":{"line":4,"column":20},"end":{"line":17,"column":1}},"3":{"start":{"line":5,"column":2},"end":{"line":16,"column":4}},"4":{"start":{"line":4,"column":13},"end":{"line":4,"column":20}}},"fnMap":{"0":{"name":"(anonymous_0)","decl":{"start":{"line":4,"column":20},"end":{"line":4,"column":21}},"loc":{"start":{"line":4,"column":68},"end":{"line":17,"column":1}}}},"branchMap":{},"s":{"0":1,"1":1,"2":1,"3":17,"4":1},"f":{"0":17},"b":{}}
,"Z:\\Downloads\\WEB-FE-REACT-PRJ3-FrontEnd\\src\\pages\\Home.tsx": {"path":"Z:\\Downloads\\WEB-FE-REACT-PRJ3-FrontEnd\\src\\pages\\Home.tsx","statementMap":{"0":{"start":{"line":1,"column":0},"end":{"line":1,"column":56}},"1":{"start":{"line":2,"column":0},"end":{"line":2,"column":55}},"2":{"start":{"line":3,"column":0},"end":{"line":3,"column":38}},"3":{"start":{"line":4,"column":0},"end":{"line":4,"column":44}},"4":{"start":{"line":5,"column":0},"end":{"line":5,"column":40}},"5":{"start":{"line":26,"column":32},"end":{"line":26,"column":47}},"6":{"start":{"line":27,"column":32},"end":{"line":27,"column":58}},"7":{"start":{"line":28,"column":29},"end":{"line":34,"column":3}},"8":{"start":{"line":29,"column":4},"end":{"line":33,"column":6}},"9":{"start":{"line":30,"column":6},"end":{"line":31,"column":null}},"10":{"start":{"line":31,"column":8},"end":{"line":31,"column":73}},"11":{"start":{"line":35,"column":32},"end":{"line":100,"column":4}},"12":{"start":{"line":48,"column":35},"end":{"line":48,"column":45}},"13":{"start":{"line":50,"column":8},"end":{"line":97,"column":10}},"14":{"start":{"line":92,"column":29},"end":{"line":92,"column":58}},"15":{"start":{"line":102,"column":2},"end":{"line":114,"column":20}},"16":{"start":{"line":104,"column":4},"end":{"line":113,"column":5}},"17":{"start":{"line":105,"column":6},"end":{"line":105,"column":30}},"18":{"start":{"line":106,"column":6},"end":{"line":106,"column":67}},"19":{"start":{"line":109,"column":28},"end":{"line":109,"column":59}},"20":{"start":{"line":110,"column":6},"end":{"line":112,"column":7}},"21":{"start":{"line":111,"column":8},"end":{"line":111,"column":46}},"22":{"start":{"line":116,"column":2},"end":{"line":136,"column":4}},"23":{"start":{"line":130,"column":12},"end":{"line":130,"column":51}},"24":{"start":{"line":139,"column":0},"end":{"line":139,"column":20}}},"fnMap":{"0":{"name":"Home","decl":{"start":{"line":25,"column":9},"end":{"line":25,"column":13}},"loc":{"start":{"line":25,"column":13},"end":{"line":137,"column":1}}},"1":{"name":"(anonymous_1)","decl":{"start":{"line":28,"column":29},"end":{"line":28,"column":30}},"loc":{"start":{"line":28,"column":44},"end":{"line":34,"column":3}}},"2":{"name":"(anonymous_2)","decl":{"start":{"line":29,"column":15},"end":{"line":29,"column":16}},"loc":{"start":{"line":30,"column":6},"end":{"line":31,"column":null}}},"3":{"name":"(anonymous_3)","decl":{"start":{"line":30,"column":22},"end":{"line":30,"column":23}},"loc":{"start":{"line":31,"column":8},"end":{"line":31,"column":73}}},"4":{"name":"(anonymous_4)","decl":{"start":{"line":47,"column":18},"end":{"line":47,"column":19}},"loc":{"start":{"line":47,"column":29},"end":{"line":98,"column":7}}},"5":{"name":"(anonymous_5)","decl":{"start":{"line":92,"column":23},"end":{"line":92,"column":26}},"loc":{"start":{"line":92,"column":29},"end":{"line":92,"column":58}}},"6":{"name":"(anonymous_6)","decl":{"start":{"line":102,"column":12},"end":{"line":102,"column":15}},"loc":{"start":{"line":102,"column":17},"end":{"line":114,"column":3}}},"7":{"name":"(anonymous_7)","decl":{"start":{"line":129,"column":27},"end":{"line":129,"column":28}},"loc":{"start":{"line":130,"column":12},"end":{"line":130,"column":51}}}},"branchMap":{"0":{"loc":{"start":{"line":31,"column":8},"end":{"line":31,"column":73}},"type":"cond-expr","locations":[{"start":{"line":31,"column":27},"end":{"line":31,"column":64}},{"start":{"line":31,"column":67},"end":{"line":31,"column":73}}]},"1":{"loc":{"start":{"line":61,"column":35},"end":{"line":61,"column":72}},"type":"cond-expr","locations":[{"start":{"line":61,"column":51},"end":{"line":61,"column":60}},{"start":{"line":61,"column":63},"end":{"line":61,"column":72}}]},"2":{"loc":{"start":{"line":63,"column":26},"end":{"line":63,"column":67}},"type":"cond-expr","locations":[{"start":{"line":63,"column":42},"end":{"line":63,"column":51}},{"start":{"line":63,"column":54},"end":{"line":63,"column":67}}]},"3":{"loc":{"start":{"line":64,"column":27},"end":{"line":64,"column":50}},"type":"cond-expr","locations":[{"start":{"line":64,"column":43},"end":{"line":64,"column":44}},{"start":{"line":64,"column":47},"end":{"line":64,"column":50}}]},"4":{"loc":{"start":{"line":87,"column":33},"end":{"line":87,"column":70}},"type":"cond-expr","locations":[{"start":{"line":87,"column":49},"end":{"line":87,"column":58}},{"start":{"line":87,"column":61},"end":{"line":87,"column":70}}]},"5":{"loc":{"start":{"line":94,"column":15},"end":{"line":94,"column":55}},"type":"cond-expr","locations":[{"start":{"line":94,"column":31},"end":{"line":94,"column":43}},{"start":{"line":94,"column":46},"end":{"line":94,"column":55}}]},"6":{"loc":{"start":{"line":104,"column":4},"end":{"line":113,"column":5}},"type":"if","locations":[{"start":{"line":104,"column":4},"end":{"line":113,"column":5}},{"start":{"line":107,"column":11},"end":{"line":113,"column":5}}]},"7":{"loc":{"start":{"line":110,"column":6},"end":{"line":112,"column":7}},"type":"if","locations":[{"start":{"line":110,"column":6},"end":{"line":112,"column":7}}]},"8":{"loc":{"start":{"line":128,"column":16},"end":{"line":128,"column":29}},"type":"binary-expr","locations":[{"start":{"line":128,"column":16},"end":{"line":128,"column":23}},{"start":{"line":128,"column":27},"end":{"line":128,"column":29}}]},"9":{"loc":{"start":{"line":130,"column":12},"end":{"line":130,"column":51}},"type":"cond-expr","locations":[{"start":{"line":130,"column":32},"end":{"line":130,"column":34}},{"start":{"line":130,"column":37},"end":{"line":130,"column":51}}]}},"s":{"0":1,"1":1,"2":1,"3":1,"4":1,"5":17,"6":17,"7":17,"8":1,"9":1,"10":2,"11":17,"12":19,"13":19,"14":1,"15":17,"16":8,"17":7,"18":7,"19":1,"20":1,"21":1,"22":17,"23":19,"24":1},"f":{"0":17,"1":1,"2":1,"3":2,"4":19,"5":1,"6":8,"7":19},"b":{"0":[1,1],"1":[9,10],"2":[9,10],"3":[9,10],"4":[9,10],"5":[9,10],"6":[7,1],"7":[1],"8":[17,0],"9":[9,10]}}
,"Z:\\Downloads\\WEB-FE-REACT-PRJ3-FrontEnd\\src\\services\\api.ts": {"path":"Z:\\Downloads\\WEB-FE-REACT-PRJ3-FrontEnd\\src\\services\\api.ts","statementMap":{"0":{"start":{"line":1,"column":13},"end":{"line":1,"column":85}},"1":{"start":{"line":3,"column":23},"end":{"line":30,"column":1}},"2":{"start":{"line":4,"column":21},"end":{"line":4,"column":53}},"3":{"start":{"line":6,"column":19},"end":{"line":12,"column":4}},"4":{"start":{"line":15,"column":2},"end":{"line":19,"column":3}},"5":{"start":{"line":16,"column":4},"end":{"line":16,"column":41}},"6":{"start":{"line":18,"column":4},"end":{"line":18,"column":41}},"7":{"start":{"line":21,"column":2},"end":{"line":27,"column":3}},"8":{"start":{"line":22,"column":4},"end":{"line":26,"column":6}},"9":{"start":{"line":29,"column":2},"end":{"line":29,"column":22}},"10":{"start":{"line":3,"column":13},"end":{"line":3,"column":23}}},"fnMap":{"0":{"name":"(anonymous_0)","decl":{"start":{"line":3,"column":23},"end":{"line":3,"column":28}},"loc":{"start":{"line":3,"column":77},"end":{"line":30,"column":1}}}},"branchMap":{"0":{"loc":{"start":{"line":1,"column":24},"end":{"line":1,"column":84}},"type":"binary-expr","locations":[{"start":{"line":1,"column":24},"end":{"line":1,"column":53}},{"start":{"line":1,"column":57},"end":{"line":1,"column":84}}]},"1":{"loc":{"start":{"line":3,"column":48},"end":{"line":3,"column":73}},"type":"default-arg","locations":[{"start":{"line":3,"column":71},"end":{"line":3,"column":73}}]},"2":{"loc":{"start":{"line":9,"column":10},"end":{"line":9,"column":66}},"type":"cond-expr","locations":[{"start":{"line":9,"column":23},"end":{"line":9,"column":25}},{"start":{"line":9,"column":28},"end":{"line":9,"column":66}}]},"3":{"loc":{"start":{"line":21,"column":2},"end":{"line":27,"column":3}},"type":"if","locations":[{"start":{"line":21,"column":2},"end":{"line":27,"column":3}}]},"4":{"loc":{"start":{"line":23,"column":6},"end":{"line":25,"column":54}},"type":"cond-expr","locations":[{"start":{"line":24,"column":10},"end":{"line":24,"column":22}},{"start":{"line":25,"column":10},"end":{"line":25,"column":54}}]},"5":{"loc":{"start":{"line":25,"column":10},"end":{"line":25,"column":54}},"type":"binary-expr","locations":[{"start":{"line":25,"column":10},"end":{"line":25,"column":31}},{"start":{"line":25,"column":35},"end":{"line":25,"column":54}}]}},"s":{"0":1,"1":1,"2":0,"3":0,"4":0,"5":0,"6":0,"7":0,"8":0,"9":0,"10":1},"f":{"0":0},"b":{"0":[1,1],"1":[0],"2":[0,0],"3":[0],"4":[0,0],"5":[0,0]}}
,"Z:\\Downloads\\WEB-FE-REACT-PRJ3-FrontEnd\\src\\services\\clientServices.ts": {"path":"Z:\\Downloads\\WEB-FE-REACT-PRJ3-FrontEnd\\src\\services\\clientServices.ts","statementMap":{"0":{"start":{"line":2,"column":0},"end":{"line":2,"column":32}},"1":{"start":{"line":4,"column":25},"end":{"line":16,"column":1}},"2":{"start":{"line":5,"column":2},"end":{"line":15,"column":3}},"3":{"start":{"line":6,"column":21},"end":{"line":9,"column":6}},"4":{"start":{"line":11,"column":4},"end":{"line":11,"column":20}},"5":{"start":{"line":13,"column":4},"end":{"line":13,"column":23}},"6":{"start":{"line":14,"column":4},"end":{"line":14,"column":49}},"7":{"start":{"line":4,"column":13},"end":{"line":4,"column":25}},"8":{"start":{"line":18,"column":26},"end":{"line":20,"column":1}},"9":{"start":{"line":19,"column":2},"end":{"line":19,"column":29}},"10":{"start":{"line":18,"column":13},"end":{"line":18,"column":26}},"11":{"start":{"line":22,"column":29},"end":{"line":32,"column":1}},"12":{"start":{"line":23,"column":2},"end":{"line":31,"column":3}},"13":{"start":{"line":24,"column":21},"end":{"line":26,"column":6}},"14":{"start":{"line":27,"column":4},"end":{"line":27,"column":20}},"15":{"start":{"line":29,"column":4},"end":{"line":29,"column":23}},"16":{"start":{"line":30,"column":4},"end":{"line":30,"column":62}},"17":{"start":{"line":22,"column":13},"end":{"line":22,"column":29}},"18":{"start":{"line":35,"column":28},"end":{"line":46,"column":1}},"19":{"start":{"line":36,"column":2},"end":{"line":45,"column":3}},"20":{"start":{"line":37,"column":21},"end":{"line":40,"column":6}},"21":{"start":{"line":41,"column":4},"end":{"line":41,"column":20}},"22":{"start":{"line":43,"column":4},"end":{"line":43,"column":23}},"23":{"start":{"line":44,"column":4},"end":{"line":44,"column":54}},"24":{"start":{"line":35,"column":13},"end":{"line":35,"column":28}}},"fnMap":{"0":{"name":"(anonymous_0)","decl":{"start":{"line":4,"column":25},"end":{"line":4,"column":30}},"loc":{"start":{"line":4,"column":54},"end":{"line":16,"column":1}}},"1":{"name":"(anonymous_1)","decl":{"start":{"line":18,"column":26},"end":{"line":18,"column":31}},"loc":{"start":{"line":18,"column":37},"end":{"line":20,"column":1}}},"2":{"name":"(anonymous_2)","decl":{"start":{"line":22,"column":29},"end":{"line":22,"column":34}},"loc":{"start":{"line":22,"column":50},"end":{"line":32,"column":1}}},"3":{"name":"(anonymous_3)","decl":{"start":{"line":35,"column":28},"end":{"line":35,"column":33}},"loc":{"start":{"line":35,"column":57},"end":{"line":46,"column":1}}}},"branchMap":{},"s":{"0":1,"1":1,"2":0,"3":0,"4":0,"5":0,"6":0,"7":1,"8":1,"9":0,"10":1,"11":1,"12":0,"13":0,"14":0,"15":0,"16":0,"17":1,"18":1,"19":0,"20":0,"21":0,"22":0,"23":0,"24":1},"f":{"0":0,"1":0,"2":0,"3":0},"b":{}}
}
