TN:
SF:src\components\Footer.tsx
FN:1,Footer
FNF:1
FNH:1
FNDA:17,Footer
DA:1,1
DA:2,17
LF:2
LH:2
BRF:0
BRH:0
end_of_record
TN:
SF:src\components\Header.tsx
FN:3,(anonymous_0)
FNF:1
FNH:1
FNDA:17,(anonymous_0)
DA:1,1
DA:3,1
DA:4,17
DA:27,1
LF:4
LH:4
BRF:0
BRH:0
end_of_record
TN:
SF:src\hooks\useGetClients.ts
FN:4,(anonymous_0)
FN:7,(anonymous_1)
FNF:2
FNH:0
FNDA:0,(anonymous_0)
FNDA:0,(anonymous_1)
DA:1,1
DA:2,1
DA:4,1
DA:5,0
DA:7,0
LF:5
LH:3
BRF:0
BRH:0
end_of_record
TN:
SF:src\layout\Main.tsx
FN:4,(anonymous_0)
FNF:1
FNH:1
FNDA:17,(anonymous_0)
DA:1,1
DA:2,1
DA:4,1
DA:5,17
LF:4
LH:4
BRF:0
BRH:0
end_of_record
TN:
SF:src\pages\Home.tsx
FN:25,Home
FN:28,(anonymous_1)
FN:29,(anonymous_2)
FN:30,(anonymous_3)
FN:47,(anonymous_4)
FN:92,(anonymous_5)
FN:102,(anonymous_6)
FN:129,(anonymous_7)
FNF:8
FNH:8
FNDA:17,Home
FNDA:1,(anonymous_1)
FNDA:1,(anonymous_2)
FNDA:2,(anonymous_3)
FNDA:19,(anonymous_4)
FNDA:1,(anonymous_5)
FNDA:8,(anonymous_6)
FNDA:19,(anonymous_7)
DA:1,1
DA:2,1
DA:3,1
DA:4,1
DA:5,1
DA:26,17
DA:27,17
DA:28,17
DA:29,1
DA:30,1
DA:31,2
DA:35,17
DA:48,19
DA:50,19
DA:92,1
DA:102,17
DA:104,8
DA:105,7
DA:106,7
DA:109,1
DA:110,1
DA:111,1
DA:116,17
DA:130,19
DA:139,1
LF:25
LH:25
BRDA:31,0,0,1
BRDA:31,0,1,1
BRDA:61,1,0,9
BRDA:61,1,1,10
BRDA:63,2,0,9
BRDA:63,2,1,10
BRDA:64,3,0,9
BRDA:64,3,1,10
BRDA:87,4,0,9
BRDA:87,4,1,10
BRDA:94,5,0,9
BRDA:94,5,1,10
BRDA:104,6,0,7
BRDA:104,6,1,1
BRDA:110,7,0,1
BRDA:128,8,0,17
BRDA:128,8,1,0
BRDA:130,9,0,9
BRDA:130,9,1,10
BRF:19
BRH:18
end_of_record
TN:
SF:src\services\api.ts
FN:3,(anonymous_0)
FNF:1
FNH:0
FNDA:0,(anonymous_0)
DA:1,1
DA:3,1
DA:4,0
DA:6,0
DA:15,0
DA:16,0
DA:18,0
DA:21,0
DA:22,0
DA:29,0
LF:10
LH:2
BRDA:1,0,0,1
BRDA:1,0,1,1
BRDA:3,1,0,0
BRDA:9,2,0,0
BRDA:9,2,1,0
BRDA:21,3,0,0
BRDA:23,4,0,0
BRDA:23,4,1,0
BRDA:25,5,0,0
BRDA:25,5,1,0
BRF:10
BRH:2
end_of_record
TN:
SF:src\services\clientServices.ts
FN:4,(anonymous_0)
FN:18,(anonymous_1)
FN:22,(anonymous_2)
FN:35,(anonymous_3)
FNF:4
FNH:0
FNDA:0,(anonymous_0)
FNDA:0,(anonymous_1)
FNDA:0,(anonymous_2)
FNDA:0,(anonymous_3)
DA:2,1
DA:4,1
DA:5,0
DA:6,0
DA:11,0
DA:13,0
DA:14,0
DA:18,1
DA:19,0
DA:22,1
DA:23,0
DA:24,0
DA:27,0
DA:29,0
DA:30,0
DA:35,1
DA:36,0
DA:37,0
DA:41,0
DA:43,0
DA:44,0
LF:21
LH:5
BRF:0
BRH:0
end_of_record
